<?xml version="1.0" encoding="UTF-8"?>
<!-- Generated by org.testng.reporters.JUnitXMLReporter -->
<testsuite hostname="Umair" ignored="22" name="Sanity" tests="3" failures="1" timestamp="2021-12-27T21:15:23 PKT" time="161.863" errors="0">
  <testcase name="loginTest" time="35.883" classname="com.mystore.testcases.LoginPageTest"/>
  <testcase name="addToCartTest" time="34.641" classname="com.mystore.testcases.AddToCartPageTest"/>
  <testcase name="verifyCreateAccountPageTest" time="30.717" classname="com.mystore.testcases.AccountCreationPageTest">
    <failure type="java.lang.AssertionError" message="expected [true] but found [false]">
      <![CDATA[java.lang.AssertionError: expected [true] but found [false]
at com.mystore.testcases.AccountCreationPageTest.verifyCreateAccountPageTest(AccountCreationPageTest.java:40)
at java.util.ArrayList.forEach(Unknown Source)
... Removed 31 stack frames]]>
    </failure>
  </testcase> <!-- verifyCreateAccountPageTest -->
  <testcase name="@BeforeSuite loadConfig" time="0.0" classname="com.mystore.base.BaseClass">
    <ignored/>
  </testcase> <!-- @BeforeSuite loadConfig -->
  <testcase name="@BeforeSuite loadConfig" time="0.0" classname="com.mystore.base.BaseClass">
    <ignored/>
  </testcase> <!-- @BeforeSuite loadConfig -->
  <testcase name="@BeforeSuite loadConfig" time="0.0" classname="com.mystore.base.BaseClass">
    <ignored/>
  </testcase> <!-- @BeforeSuite loadConfig -->
  <testcase name="@BeforeSuite loadConfig" time="0.0" classname="com.mystore.base.BaseClass">
    <ignored/>
  </testcase> <!-- @BeforeSuite loadConfig -->
  <testcase name="@BeforeSuite loadConfig" time="0.0" classname="com.mystore.base.BaseClass">
    <ignored/>
  </testcase> <!-- @BeforeSuite loadConfig -->
  <testcase name="@BeforeSuite loadConfig" time="0.0" classname="com.mystore.base.BaseClass">
    <ignored/>
  </testcase> <!-- @BeforeSuite loadConfig -->
  <testcase name="@BeforeSuite loadConfig" time="0.0" classname="com.mystore.base.BaseClass">
    <ignored/>
  </testcase> <!-- @BeforeSuite loadConfig -->
  <testcase name="verifyLogo" time="0.0" classname="com.mystore.testcases.IndexPageTest">
    <ignored/>
  </testcase> <!-- verifyLogo -->
  <testcase name="verifyTotalPrice" time="0.0" classname="com.mystore.testcases.OrderPageTest">
    <ignored/>
  </testcase> <!-- verifyTotalPrice -->
  <testcase name="productAvailabilityTest" time="0.0" classname="com.mystore.testcases.SearchResultPageTest">
    <ignored/>
  </testcase> <!-- productAvailabilityTest -->
  <testcase name="createAccountTest" time="0.0" classname="com.mystore.testcases.AccountCreationPageTest">
    <ignored/>
  </testcase> <!-- createAccountTest -->
  <testcase name="orderHistoryandDetailsTest" time="0.0" classname="com.mystore.testcases.HomePageTest">
    <ignored/>
  </testcase> <!-- orderHistoryandDetailsTest -->
  <testcase name="@AfterSuite afterSuite" time="0.0" classname="com.mystore.base.BaseClass">
    <ignored/>
  </testcase> <!-- @AfterSuite afterSuite -->
  <testcase name="@AfterSuite afterSuite" time="0.0" classname="com.mystore.base.BaseClass">
    <ignored/>
  </testcase> <!-- @AfterSuite afterSuite -->
  <testcase name="@AfterSuite afterSuite" time="0.0" classname="com.mystore.base.BaseClass">
    <ignored/>
  </testcase> <!-- @AfterSuite afterSuite -->
  <testcase name="@AfterSuite afterSuite" time="0.0" classname="com.mystore.base.BaseClass">
    <ignored/>
  </testcase> <!-- @AfterSuite afterSuite -->
  <testcase name="@AfterSuite afterSuite" time="0.0" classname="com.mystore.base.BaseClass">
    <ignored/>
  </testcase> <!-- @AfterSuite afterSuite -->
  <testcase name="@AfterSuite afterSuite" time="0.0" classname="com.mystore.base.BaseClass">
    <ignored/>
  </testcase> <!-- @AfterSuite afterSuite -->
  <testcase name="@AfterSuite afterSuite" time="0.0" classname="com.mystore.base.BaseClass">
    <ignored/>
  </testcase> <!-- @AfterSuite afterSuite -->
  <testcase name="wishListTest" time="0.0" classname="com.mystore.testcases.HomePageTest">
    <ignored/>
  </testcase> <!-- wishListTest -->
  <testcase name="verifyTitle" time="0.0" classname="com.mystore.testcases.IndexPageTest">
    <ignored/>
  </testcase> <!-- verifyTitle -->
  <testcase name="endToEndTest" time="0.0" classname="com.mystore.testcases.EndToEndTest">
    <ignored/>
  </testcase> <!-- endToEndTest -->
</testsuite> <!-- Sanity -->
